<?xml version="1.0" encoding="UTF-8"?>
<testng-results skipped="0" failed="0" total="1" passed="1">
  <reporter-output>
  </reporter-output>
  <suite name="Default suite" duration-ms="66204" started-at="2017-05-04T01:47:39Z" finished-at="2017-05-04T01:48:45Z">
    <groups>
    </groups>
    <test name="Default test" duration-ms="66204" started-at="2017-05-04T01:47:39Z" finished-at="2017-05-04T01:48:45Z">
      <class name="scenerios.UploadDocumentTest">
        <test-method status="PASS" signature="testImportScenerio()[pri:0, instance:scenerios.UploadDocumentTest@bdf5e5]" name="testImportScenerio" duration-ms="66163" started-at="2017-05-04T07:17:39Z" finished-at="2017-05-04T07:18:45Z">
          <reporter-output>
          </reporter-output>
        </test-method> <!-- testImportScenerio -->
      </class> <!-- scenerios.UploadDocumentTest -->
    </test> <!-- Default test -->
  </suite> <!-- Default suite -->
</testng-results>
